# JRE version: Java(TM) SE Runtime Environment (8.0_31-b13) (build 1.8.0_31-b13)
# Java VM: Java HotSpot(TM) 64-Bit Server VM (25.31-b07 mixed mode windows-amd64 compressed oops)
Heap:
 PSYoungGen      total 71680K, used 36819K [0x00000000d5f80000, 0x00000000daa80000, 0x0000000100000000)
  eden space 66560K, 55% used [0x00000000d5f80000,0x00000000d8374c28,0x00000000da080000)
  from space 5120K, 0% used [0x00000000da080000,0x00000000da080000,0x00000000da580000)
  to   space 5120K, 0% used [0x00000000da580000,0x00000000da580000,0x00000000daa80000)
 ParOldGen       total 166400K, used 166395K [0x0000000081e00000, 0x000000008c080000, 0x00000000d5f80000)
  object space 166400K, 99% used [0x0000000081e00000,0x000000008c07efb0,0x000000008c080000)
 Metaspace       used 27338K, capacity 27792K, committed 28160K, reserved 1075200K
  class space    used 3167K, capacity 3288K, committed 3328K, reserved 1048576K
GC Heap History (10 events):
Event: 43.796 GC heap before
{Heap before GC invocations=31 (full 24):
 PSYoungGen      total 71680K, used 66560K [0x00000000d5f80000, 0x00000000daa80000, 0x0000000100000000)
  eden space 66560K, 100% used [0x00000000d5f80000,0x00000000da080000,0x00000000da080000)
  from space 5120K, 0% used [0x00000000da080000,0x00000000da080000,0x00000000da580000)
  to   space 5120K, 0% used [0x00000000da580000,0x00000000da580000,0x00000000daa80000)
 ParOldGen       total 166400K, used 166395K [0x0000000081e00000, 0x000000008c080000, 0x00000000d5f80000)
  object space 166400K, 99% used [0x0000000081e00000,0x000000008c07efb0,0x000000008c080000)
 Metaspace       used 27318K, capacity 27728K, committed 27904K, reserved 1073152K
  class space    used 3167K, capacity 3288K, committed 3328K, reserved 1048576K
Event: 44.156 GC heap after
Heap after GC invocations=31 (full 24):
 PSYoungGen      total 71680K, used 559K [0x00000000d5f80000, 0x00000000daa80000, 0x0000000100000000)
  eden space 66560K, 0% used [0x00000000d5f80000,0x00000000d600bc68,0x00000000da080000)
  from space 5120K, 0% used [0x00000000da080000,0x00000000da080000,0x00000000da580000)
  to   space 5120K, 0% used [0x00000000da580000,0x00000000da580000,0x00000000daa80000)
 ParOldGen       total 166400K, used 166395K [0x0000000081e00000, 0x000000008c080000, 0x00000000d5f80000)
  object space 166400K, 99% used [0x0000000081e00000,0x000000008c07efb0,0x000000008c080000)
 Metaspace       used 27318K, capacity 27728K, committed 27904K, reserved 1073152K
  class space    used 3167K, capacity 3288K, committed 3328K, reserved 1048576K
}
Event: 44.220 GC heap before
{Heap before GC invocations=32 (full 25):
 PSYoungGen      total 71680K, used 66537K [0x00000000d5f80000, 0x00000000daa80000, 0x0000000100000000)
  eden space 66560K, 99% used [0x00000000d5f80000,0x00000000da07a7c8,0x00000000da080000)
  from space 5120K, 0% used [0x00000000da080000,0x00000000da080000,0x00000000da580000)
  to   space 5120K, 0% used [0x00000000da580000,0x00000000da580000,0x00000000daa80000)
 ParOldGen       total 166400K, used 166395K [0x0000000081e00000, 0x000000008c080000, 0x00000000d5f80000)
  object space 166400K, 99% used [0x0000000081e00000,0x000000008c07efb0,0x000000008c080000)
 Metaspace       used 27335K, capacity 27792K, committed 28160K, reserved 1075200K
  class space    used 3167K, capacity 3288K, committed 3328K, reserved 1048576K
Event: 44.629 GC heap after
Heap after GC invocations=32 (full 25):
 PSYoungGen      total 71680K, used 15448K [0x00000000d5f80000, 0x00000000daa80000, 0x0000000100000000)
  eden space 66560K, 23% used [0x00000000d5f80000,0x00000000d6e963f8,0x00000000da080000)
  from space 5120K, 0% used [0x00000000da080000,0x00000000da080000,0x00000000da580000)
  to   space 5120K, 0% used [0x00000000da580000,0x00000000da580000,0x00000000daa80000)
 ParOldGen       total 166400K, used 166395K [0x0000000081e00000, 0x000000008c080000, 0x00000000d5f80000)
  object space 166400K, 99% used [0x0000000081e00000,0x000000008c07efb0,0x000000008c080000)
 Metaspace       used 27335K, capacity 27792K, committed 28160K, reserved 1075200K
  class space    used 3167K, capacity 3288K, committed 3328K, reserved 1048576K
}
Event: 44.740 GC heap before
{Heap before GC invocations=33 (full 26):
 PSYoungGen      total 71680K, used 66560K [0x00000000d5f80000, 0x00000000daa80000, 0x0000000100000000)
  eden space 66560K, 100% used [0x00000000d5f80000,0x00000000da080000,0x00000000da080000)
  from space 5120K, 0% used [0x00000000da080000,0x00000000da080000,0x00000000da580000)
  to   space 5120K, 0% used [0x00000000da580000,0x00000000da580000,0x00000000daa80000)
 ParOldGen       total 166400K, used 166395K [0x0000000081e00000, 0x000000008c080000, 0x00000000d5f80000)
  object space 166400K, 99% used [0x0000000081e00000,0x000000008c07efb0,0x000000008c080000)
 Metaspace       used 27335K, capacity 27792K, committed 28160K, reserved 1075200K
  class space    used 3167K, capacity 3288K, committed 3328K, reserved 1048576K
Event: 45.302 GC heap after
Heap after GC invocations=33 (full 26):
 PSYoungGen      total 71680K, used 17876K [0x00000000d5f80000, 0x00000000daa80000, 0x0000000100000000)
  eden space 66560K, 26% used [0x00000000d5f80000,0x00000000d70f5008,0x00000000da080000)
  from space 5120K, 0% used [0x00000000da080000,0x00000000da080000,0x00000000da580000)
  to   space 5120K, 0% used [0x00000000da580000,0x00000000da580000,0x00000000daa80000)
 ParOldGen       total 166400K, used 166395K [0x0000000081e00000, 0x000000008c080000, 0x00000000d5f80000)
  object space 166400K, 99% used [0x0000000081e00000,0x000000008c07efb0,0x000000008c080000)
 Metaspace       used 27335K, capacity 27792K, committed 28160K, reserved 1075200K
  class space    used 3167K, capacity 3288K, committed 3328K, reserved 1048576K
}
Event: 45.437 GC heap before
{Heap before GC invocations=34 (full 27):
 PSYoungGen      total 71680K, used 66560K [0x00000000d5f80000, 0x00000000daa80000, 0x0000000100000000)
  eden space 66560K, 100% used [0x00000000d5f80000,0x00000000da080000,0x00000000da080000)
  from space 5120K, 0% used [0x00000000da080000,0x00000000da080000,0x00000000da580000)
  to   space 5120K, 0% used [0x00000000da580000,0x00000000da580000,0x00000000daa80000)
 ParOldGen       total 166400K, used 166395K [0x0000000081e00000, 0x000000008c080000, 0x00000000d5f80000)
  object space 166400K, 99% used [0x0000000081e00000,0x000000008c07efb0,0x000000008c080000)
 Metaspace       used 27335K, capacity 27792K, committed 28160K, reserved 1075200K
  class space    used 3167K, capacity 3288K, committed 3328K, reserved 1048576K
Event: 45.852 GC heap after
Heap after GC invocations=34 (full 27):
 PSYoungGen      total 71680K, used 15242K [0x00000000d5f80000, 0x00000000daa80000, 0x0000000100000000)
  eden space 66560K, 22% used [0x00000000d5f80000,0x00000000d6e629f8,0x00000000da080000)
  from space 5120K, 0% used [0x00000000da080000,0x00000000da080000,0x00000000da580000)
  to   space 5120K, 0% used [0x00000000da580000,0x00000000da580000,0x00000000daa80000)
 ParOldGen       total 166400K, used 166395K [0x0000000081e00000, 0x000000008c080000, 0x00000000d5f80000)
  object space 166400K, 99% used [0x0000000081e00000,0x000000008c07efb0,0x000000008c080000)
 Metaspace       used 27335K, capacity 27792K, committed 28160K, reserved 1075200K
  class space    used 3167K, capacity 3288K, committed 3328K, reserved 1048576K
}
Event: 45.984 GC heap before
{Heap before GC invocations=35 (full 28):
 PSYoungGen      total 71680K, used 66560K [0x00000000d5f80000, 0x00000000daa80000, 0x0000000100000000)
  eden space 66560K, 100% used [0x00000000d5f80000,0x00000000da080000,0x00000000da080000)
  from space 5120K, 0% used [0x00000000da080000,0x00000000da080000,0x00000000da580000)
  to   space 5120K, 0% used [0x00000000da580000,0x00000000da580000,0x00000000daa80000)
 ParOldGen       total 166400K, used 166395K [0x0000000081e00000, 0x000000008c080000, 0x00000000d5f80000)
  object space 166400K, 99% used [0x0000000081e00000,0x000000008c07efb0,0x000000008c080000)
 Metaspace       used 27336K, capacity 27792K, committed 28160K, reserved 1075200K
  class space    used 3167K, capacity 3288K, committed 3328K, reserved 1048576K
Event: 46.410 GC heap after
Heap after GC invocations=35 (full 28):
 PSYoungGen      total 71680K, used 16852K [0x00000000d5f80000, 0x00000000daa80000, 0x0000000100000000)
  eden space 66560K, 25% used [0x00000000d5f80000,0x00000000d6ff5008,0x00000000da080000)
  from space 5120K, 0% used [0x00000000da080000,0x00000000da080000,0x00000000da580000)
  to   space 5120K, 0% used [0x00000000da580000,0x00000000da580000,0x00000000daa80000)
 ParOldGen       total 166400K, used 166395K [0x0000000081e00000, 0x000000008c080000, 0x00000000d5f80000)
  object space 166400K, 99% used [0x0000000081e00000,0x000000008c07efb0,0x000000008c080000)
 Metaspace       used 27336K, capacity 27792K, committed 28160K, reserved 1075200K
  class space    used 3167K, capacity 3288K, committed 3328K, reserved 1048576K
}

