# JRE version: Java(TM) SE Runtime Environment (8.0_31-b13) (build 1.8.0_31-b13)
# Java VM: Java HotSpot(TM) 64-Bit Server VM (25.31-b07 mixed mode windows-amd64 compressed oops)
Heap:
 PSYoungGen      total 71680K, used 70624K [0x00000000d5f80000, 0x00000000e3c80000, 0x0000000100000000)
  eden space 66560K, 100% used [0x00000000d5f80000,0x00000000da080000,0x00000000da080000)
  from space 5120K, 79% used [0x00000000da080000,0x00000000da478008,0x00000000da580000)
  to   space 46592K, 15% used [0x00000000e0f00000,0x00000000e15f4010,0x00000000e3c80000)
 ParOldGen       total 163328K, used 86763K [0x0000000081e00000, 0x000000008bd80000, 0x00000000d5f80000)
  object space 163328K, 53% used [0x0000000081e00000,0x00000000872baff8,0x000000008bd80000)
 Metaspace       used 16639K, capacity 16902K, committed 17024K, reserved 1064960K
  class space    used 2052K, capacity 2119K, committed 2176K, reserved 1048576K
GC Heap History (10 events):
Event: 25.038 GC heap after
Heap after GC invocations=2 (full 0):
 PSYoungGen      total 38400K, used 5104K [0x00000000d5f80000, 0x00000000daa80000, 0x0000000100000000)
  eden space 33280K, 0% used [0x00000000d5f80000,0x00000000d5f80000,0x00000000d8000000)
  from space 5120K, 99% used [0x00000000d8500000,0x00000000d89fc020,0x00000000d8a00000)
  to   space 5120K, 0% used [0x00000000d8000000,0x00000000d8000000,0x00000000d8500000)
 ParOldGen       total 87552K, used 17509K [0x0000000081e00000, 0x0000000087380000, 0x00000000d5f80000)
  object space 87552K, 19% used [0x0000000081e00000,0x0000000082f19510,0x0000000087380000)
 Metaspace       used 16369K, capacity 16574K, committed 17024K, reserved 1064960K
  class space    used 2023K, capacity 2097K, committed 2176K, reserved 1048576K
}
Event: 25.144 GC heap before
{Heap before GC invocations=3 (full 0):
 PSYoungGen      total 38400K, used 38384K [0x00000000d5f80000, 0x00000000daa80000, 0x0000000100000000)
  eden space 33280K, 100% used [0x00000000d5f80000,0x00000000d8000000,0x00000000d8000000)
  from space 5120K, 99% used [0x00000000d8500000,0x00000000d89fc020,0x00000000d8a00000)
  to   space 5120K, 0% used [0x00000000d8000000,0x00000000d8000000,0x00000000d8500000)
 ParOldGen       total 87552K, used 17509K [0x0000000081e00000, 0x0000000087380000, 0x00000000d5f80000)
  object space 87552K, 19% used [0x0000000081e00000,0x0000000082f19510,0x0000000087380000)
 Metaspace       used 16601K, capacity 16834K, committed 17024K, reserved 1064960K
  class space    used 2049K, capacity 2119K, committed 2176K, reserved 1048576K
Event: 25.167 GC heap after
Heap after GC invocations=3 (full 0):
 PSYoungGen      total 38400K, used 5088K [0x00000000d5f80000, 0x00000000daa80000, 0x0000000100000000)
  eden space 33280K, 0% used [0x00000000d5f80000,0x00000000d5f80000,0x00000000d8000000)
  from space 5120K, 99% used [0x00000000d8000000,0x00000000d84f8060,0x00000000d8500000)
  to   space 5120K, 0% used [0x00000000da580000,0x00000000da580000,0x00000000daa80000)
 ParOldGen       total 87552K, used 36050K [0x0000000081e00000, 0x0000000087380000, 0x00000000d5f80000)
  object space 87552K, 41% used [0x0000000081e00000,0x0000000084134950,0x0000000087380000)
 Metaspace       used 16601K, capacity 16834K, committed 17024K, reserved 1064960K
  class space    used 2049K, capacity 2119K, committed 2176K, reserved 1048576K
}
Event: 25.217 GC heap before
{Heap before GC invocations=4 (full 0):
 PSYoungGen      total 38400K, used 38240K [0x00000000d5f80000, 0x00000000daa80000, 0x0000000100000000)
  eden space 33280K, 99% used [0x00000000d5f80000,0x00000000d7fe0100,0x00000000d8000000)
  from space 5120K, 99% used [0x00000000d8000000,0x00000000d84f8060,0x00000000d8500000)
  to   space 5120K, 0% used [0x00000000da580000,0x00000000da580000,0x00000000daa80000)
 ParOldGen       total 87552K, used 36050K [0x0000000081e00000, 0x0000000087380000, 0x00000000d5f80000)
  object space 87552K, 41% used [0x0000000081e00000,0x0000000084134950,0x0000000087380000)
 Metaspace       used 16602K, capacity 16834K, committed 17024K, reserved 1064960K
  class space    used 2049K, capacity 2119K, committed 2176K, reserved 1048576K
Event: 25.245 GC heap after
Heap after GC invocations=4 (full 0):
 PSYoungGen      total 71680K, used 5104K [0x00000000d5f80000, 0x00000000daa80000, 0x0000000100000000)
  eden space 66560K, 0% used [0x00000000d5f80000,0x00000000d5f80000,0x00000000da080000)
  from space 5120K, 99% used [0x00000000da580000,0x00000000daa7c030,0x00000000daa80000)
  to   space 5120K, 0% used [0x00000000da080000,0x00000000da080000,0x00000000da580000)
 ParOldGen       total 87552K, used 53191K [0x0000000081e00000, 0x0000000087380000, 0x00000000d5f80000)
  object space 87552K, 60% used [0x0000000081e00000,0x00000000851f1d80,0x0000000087380000)
 Metaspace       used 16602K, capacity 16834K, committed 17024K, reserved 1064960K
  class space    used 2049K, capacity 2119K, committed 2176K, reserved 1048576K
}
Event: 25.336 GC heap before
{Heap before GC invocations=5 (full 0):
 PSYoungGen      total 71680K, used 69667K [0x00000000d5f80000, 0x00000000daa80000, 0x0000000100000000)
  eden space 66560K, 97% used [0x00000000d5f80000,0x00000000d9e8ce18,0x00000000da080000)
  from space 5120K, 99% used [0x00000000da580000,0x00000000daa7c030,0x00000000daa80000)
  to   space 5120K, 0% used [0x00000000da080000,0x00000000da080000,0x00000000da580000)
 ParOldGen       total 87552K, used 53191K [0x0000000081e00000, 0x0000000087380000, 0x00000000d5f80000)
  object space 87552K, 60% used [0x0000000081e00000,0x00000000851f1d80,0x0000000087380000)
 Metaspace       used 16602K, capacity 16834K, committed 17024K, reserved 1064960K
  class space    used 2049K, capacity 2119K, committed 2176K, reserved 1048576K
Event: 25.384 GC heap after
Heap after GC invocations=5 (full 0):
 PSYoungGen      total 71680K, used 5104K [0x00000000d5f80000, 0x00000000e3c80000, 0x0000000100000000)
  eden space 66560K, 0% used [0x00000000d5f80000,0x00000000d5f80000,0x00000000da080000)
  from space 5120K, 99% used [0x00000000da080000,0x00000000da57c020,0x00000000da580000)
  to   space 46592K, 0% used [0x00000000e0f00000,0x00000000e0f00000,0x00000000e3c80000)
 ParOldGen       total 89088K, used 89035K [0x0000000081e00000, 0x0000000087500000, 0x00000000d5f80000)
  object space 89088K, 99% used [0x0000000081e00000,0x00000000874f2f18,0x0000000087500000)
 Metaspace       used 16602K, capacity 16834K, committed 17024K, reserved 1064960K
  class space    used 2049K, capacity 2119K, committed 2176K, reserved 1048576K
}
Event: 25.384 GC heap before
{Heap before GC invocations=6 (full 1):
 PSYoungGen      total 71680K, used 5104K [0x00000000d5f80000, 0x00000000e3c80000, 0x0000000100000000)
  eden space 66560K, 0% used [0x00000000d5f80000,0x00000000d5f80000,0x00000000da080000)
  from space 5120K, 99% used [0x00000000da080000,0x00000000da57c020,0x00000000da580000)
  to   space 46592K, 0% used [0x00000000e0f00000,0x00000000e0f00000,0x00000000e3c80000)
 ParOldGen       total 89088K, used 89035K [0x0000000081e00000, 0x0000000087500000, 0x00000000d5f80000)
  object space 89088K, 99% used [0x0000000081e00000,0x00000000874f2f18,0x0000000087500000)
 Metaspace       used 16602K, capacity 16834K, committed 17024K, reserved 1064960K
  class space    used 2049K, capacity 2119K, committed 2176K, reserved 1048576K
Event: 25.936 GC heap after
Heap after GC invocations=6 (full 1):
 PSYoungGen      total 71680K, used 4064K [0x00000000d5f80000, 0x00000000e3c80000, 0x0000000100000000)
  eden space 66560K, 0% used [0x00000000d5f80000,0x00000000d5f80000,0x00000000da080000)
  from space 5120K, 79% used [0x00000000da080000,0x00000000da478008,0x00000000da580000)
  to   space 46592K, 0% used [0x00000000e0f00000,0x00000000e0f00000,0x00000000e3c80000)
 ParOldGen       total 163328K, used 86755K [0x0000000081e00000, 0x000000008bd80000, 0x00000000d5f80000)
  object space 163328K, 53% used [0x0000000081e00000,0x00000000872b8ff8,0x000000008bd80000)
 Metaspace       used 16601K, capacity 16832K, committed 17024K, reserved 1064960K
  class space    used 2049K, capacity 2118K, committed 2176K, reserved 1048576K
}
Event: 26.066 GC heap before
{Heap before GC invocations=7 (full 1):
 PSYoungGen      total 71680K, used 70624K [0x00000000d5f80000, 0x00000000e3c80000, 0x0000000100000000)
  eden space 66560K, 100% used [0x00000000d5f80000,0x00000000da080000,0x00000000da080000)
  from space 5120K, 79% used [0x00000000da080000,0x00000000da478008,0x00000000da580000)
  to   space 46592K, 0% used [0x00000000e0f00000,0x00000000e0f00000,0x00000000e3c80000)
 ParOldGen       total 163328K, used 86755K [0x0000000081e00000, 0x000000008bd80000, 0x00000000d5f80000)
  object space 163328K, 53% used [0x0000000081e00000,0x00000000872b8ff8,0x000000008bd80000)
 Metaspace       used 16639K, capacity 16902K, committed 17024K, reserved 1064960K
  class space    used 2052K, capacity 2119K, committed 2176K, reserved 1048576K

